# JRE version: OpenJDK Runtime Environment (8.0_112-b06) (build 1.8.0_112-release-b06)
# Java VM: OpenJDK 64-Bit Server VM (25.112-b06 mixed mode bsd-amd64 compressed oops)
Heap:
 PSYoungGen      total 169984K, used 169827K [0x00000007a0000000, 0x00000007b0280000, 0x00000007c0000000)
  eden space 164352K, 100% used [0x00000007a0000000,0x00000007aa080000,0x00000007aa080000)
  from space 5632K, 97% used [0x00000007aa480000,0x00000007aa9d8cf0,0x00000007aaa00000)
  to   space 50176K, 18% used [0x00000007ad180000,0x00000007ada67118,0x00000007b0280000)
 ParOldGen       total 296448K, used 248778K [0x0000000760000000, 0x0000000772180000, 0x00000007a0000000)
  object space 296448K, 83% used [0x0000000760000000,0x000000076f2f2ad0,0x0000000772180000)
 Metaspace       used 104199K, capacity 115600K, committed 115800K, reserved 1150976K
  class space    used 12989K, capacity 14624K, committed 14720K, reserved 1048576K
GC Heap History (10 events):
Event: 33641.184 GC heap after
Heap after GC invocations=115 (full 4):
 PSYoungGen      total 203776K, used 22151K [0x00000007a0000000, 0x00000007b2200000, 0x00000007c0000000)
  eden space 181248K, 0% used [0x00000007a0000000,0x00000007a0000000,0x00000007ab100000)
  from space 22528K, 98% used [0x00000007ab580000,0x00000007acb21d40,0x00000007acb80000)
  to   space 57856K, 0% used [0x00000007ae980000,0x00000007ae980000,0x00000007b2200000)
 ParOldGen       total 296448K, used 248087K [0x0000000760000000, 0x0000000772180000, 0x00000007a0000000)
  object space 296448K, 83% used [0x0000000760000000,0x000000076f245ef0,0x0000000772180000)
 Metaspace       used 104017K, capacity 115336K, committed 115544K, reserved 1150976K
  class space    used 12966K, capacity 14600K, committed 14720K, reserved 1048576K
}
Event: 33680.568 GC heap before
{Heap before GC invocations=116 (full 4):
 PSYoungGen      total 203776K, used 203399K [0x00000007a0000000, 0x00000007b2200000, 0x00000007c0000000)
  eden space 181248K, 100% used [0x00000007a0000000,0x00000007ab100000,0x00000007ab100000)
  from space 22528K, 98% used [0x00000007ab580000,0x00000007acb21d40,0x00000007acb80000)
  to   space 57856K, 0% used [0x00000007ae980000,0x00000007ae980000,0x00000007b2200000)
 ParOldGen       total 296448K, used 248087K [0x0000000760000000, 0x0000000772180000, 0x00000007a0000000)
  object space 296448K, 83% used [0x0000000760000000,0x000000076f245ef0,0x0000000772180000)
 Metaspace       used 104065K, capacity 115424K, committed 115544K, reserved 1150976K
  class space    used 12974K, capacity 14608K, committed 14720K, reserved 1048576K
Event: 33680.575 GC heap after
Heap after GC invocations=116 (full 4):
 PSYoungGen      total 226816K, used 5875K [0x00000007a0000000, 0x00000007b1a80000, 0x00000007c0000000)
  eden space 176640K, 0% used [0x00000007a0000000,0x00000007a0000000,0x00000007aac80000)
  from space 50176K, 11% used [0x00000007ae980000,0x00000007aef3cd00,0x00000007b1a80000)
  to   space 56320K, 0% used [0x00000007aac80000,0x00000007aac80000,0x00000007ae380000)
 ParOldGen       total 296448K, used 248135K [0x0000000760000000, 0x0000000772180000, 0x00000007a0000000)
  object space 296448K, 83% used [0x0000000760000000,0x000000076f251ef0,0x0000000772180000)
 Metaspace       used 104065K, capacity 115424K, committed 115544K, reserved 1150976K
  class space    used 12974K, capacity 14608K, committed 14720K, reserved 1048576K
}
Event: 33681.795 GC heap before
{Heap before GC invocations=117 (full 4):
 PSYoungGen      total 226816K, used 182515K [0x00000007a0000000, 0x00000007b1a80000, 0x00000007c0000000)
  eden space 176640K, 100% used [0x00000007a0000000,0x00000007aac80000,0x00000007aac80000)
  from space 50176K, 11% used [0x00000007ae980000,0x00000007aef3cd00,0x00000007b1a80000)
  to   space 56320K, 0% used [0x00000007aac80000,0x00000007aac80000,0x00000007ae380000)
 ParOldGen       total 296448K, used 248135K [0x0000000760000000, 0x0000000772180000, 0x00000007a0000000)
  object space 296448K, 83% used [0x0000000760000000,0x000000076f251ef0,0x0000000772180000)
 Metaspace       used 104089K, capacity 115424K, committed 115544K, reserved 1150976K
  class space    used 12974K, capacity 14608K, committed 14720K, reserved 1048576K
Event: 33681.806 GC heap after
Heap after GC invocations=117 (full 4):
 PSYoungGen      total 182272K, used 9344K [0x00000007a0000000, 0x00000007b1080000, 0x00000007c0000000)
  eden space 172544K, 0% used [0x00000007a0000000,0x00000007a0000000,0x00000007aa880000)
  from space 9728K, 96% used [0x00000007aac80000,0x00000007ab5a0050,0x00000007ab600000)
  to   space 53248K, 0% used [0x00000007adc80000,0x00000007adc80000,0x00000007b1080000)
 ParOldGen       total 296448K, used 248311K [0x0000000760000000, 0x0000000772180000, 0x00000007a0000000)
  object space 296448K, 83% used [0x0000000760000000,0x000000076f27df10,0x0000000772180000)
 Metaspace       used 104089K, capacity 115424K, committed 115544K, reserved 1150976K
  class space    used 12974K, capacity 14608K, committed 14720K, reserved 1048576K
}
Event: 33739.804 GC heap before
{Heap before GC invocations=118 (full 4):
 PSYoungGen      total 182272K, used 180495K [0x00000007a0000000, 0x00000007b1080000, 0x00000007c0000000)
  eden space 172544K, 99% used [0x00000007a0000000,0x00000007aa723e50,0x00000007aa880000)
  from space 9728K, 96% used [0x00000007aac80000,0x00000007ab5a0050,0x00000007ab600000)
  to   space 53248K, 0% used [0x00000007adc80000,0x00000007adc80000,0x00000007b1080000)
 ParOldGen       total 296448K, used 248311K [0x0000000760000000, 0x0000000772180000, 0x00000007a0000000)
  object space 296448K, 83% used [0x0000000760000000,0x000000076f27df10,0x0000000772180000)
 Metaspace       used 104145K, capacity 115512K, committed 115800K, reserved 1150976K
  class space    used 12981K, capacity 14616K, committed 14720K, reserved 1048576K
Event: 33739.825 GC heap after
Heap after GC invocations=118 (full 4):
 PSYoungGen      total 214528K, used 21914K [0x00000007a0000000, 0x00000007b0980000, 0x00000007c0000000)
  eden space 168448K, 0% used [0x00000007a0000000,0x00000007a0000000,0x00000007aa480000)
  from space 46080K, 47% used [0x00000007adc80000,0x00000007af1e6800,0x00000007b0980000)
  to   space 51712K, 0% used [0x00000007aa480000,0x00000007aa480000,0x00000007ad700000)
 ParOldGen       total 296448K, used 248343K [0x0000000760000000, 0x0000000772180000, 0x00000007a0000000)
  object space 296448K, 83% used [0x0000000760000000,0x000000076f285f20,0x0000000772180000)
 Metaspace       used 104145K, capacity 115512K, committed 115800K, reserved 1150976K
  class space    used 12981K, capacity 14616K, committed 14720K, reserved 1048576K
}
Event: 33756.942 GC heap before
{Heap before GC invocations=119 (full 4):
 PSYoungGen      total 214528K, used 190362K [0x00000007a0000000, 0x00000007b0980000, 0x00000007c0000000)
  eden space 168448K, 100% used [0x00000007a0000000,0x00000007aa480000,0x00000007aa480000)
  from space 46080K, 47% used [0x00000007adc80000,0x00000007af1e6800,0x00000007b0980000)
  to   space 51712K, 0% used [0x00000007aa480000,0x00000007aa480000,0x00000007ad700000)
 ParOldGen       total 296448K, used 248343K [0x0000000760000000, 0x0000000772180000, 0x00000007a0000000)
  object space 296448K, 83% used [0x0000000760000000,0x000000076f285f20,0x0000000772180000)
 Metaspace       used 104187K, capacity 115600K, committed 115800K, reserved 1150976K
  class space    used 12989K, capacity 14624K, committed 14720K, reserved 1048576K
Event: 33756.954 GC heap after
Heap after GC invocations=119 (full 4):
 PSYoungGen      total 169984K, used 5475K [0x00000007a0000000, 0x00000007b0280000, 0x00000007c0000000)
  eden space 164352K, 0% used [0x00000007a0000000,0x00000007a0000000,0x00000007aa080000)
  from space 5632K, 97% used [0x00000007aa480000,0x00000007aa9d8cf0,0x00000007aaa00000)
  to   space 50176K, 0% used [0x00000007ad180000,0x00000007ad180000,0x00000007b0280000)
 ParOldGen       total 296448K, used 248522K [0x0000000760000000, 0x0000000772180000, 0x00000007a0000000)
  object space 296448K, 83% used [0x0000000760000000,0x000000076f2b2ad0,0x0000000772180000)
 Metaspace       used 104187K, capacity 115600K, committed 115800K, reserved 1150976K
  class space    used 12989K, capacity 14624K, committed 14720K, reserved 1048576K
}
Event: 33758.015 GC heap before
{Heap before GC invocations=120 (full 4):
 PSYoungGen      total 169984K, used 169827K [0x00000007a0000000, 0x00000007b0280000, 0x00000007c0000000)
  eden space 164352K, 100% used [0x00000007a0000000,0x00000007aa080000,0x00000007aa080000)
  from space 5632K, 97% used [0x00000007aa480000,0x00000007aa9d8cf0,0x00000007aaa00000)
  to   space 50176K, 0% used [0x00000007ad180000,0x00000007ad180000,0x00000007b0280000)
 ParOldGen       total 296448K, used 248522K [0x0000000760000000, 0x0000000772180000, 0x00000007a0000000)
  object space 296448K, 83% used [0x0000000760000000,0x000000076f2b2ad0,0x0000000772180000)
 Metaspace       used 104199K, capacity 115600K, committed 115800K, reserved 1150976K
  class space    used 12989K, capacity 14624K, committed 14720K, reserved 1048576K

